# JRE version: OpenJDK Runtime Environment Temurin-21.0.9+10 (21.0.9+10) (build 21.0.9+10-LTS)
# Java VM: OpenJDK 64-Bit Server VM Temurin-21.0.9+10 (21.0.9+10-LTS, mixed mode, sharing, tiered, compressed oops, compressed class ptrs, parallel gc, windows-amd64)
GC Precious Log:
 CardTable entry size: 512
 CPUs: 2 total, 2 available
 Memory: 3521M
 Large Page Support: Disabled
 NUMA Support: Disabled
 Compressed Oops: Enabled (32-bit)
 Alignments: Space 512K, Generation 512K, Heap 2M
 Heap Min Capacity: 100M
 Heap Initial Capacity: 100M
 Heap Max Capacity: 2G
 Pre-touch: Disabled
 Parallel Workers: 2
Heap:
 PSYoungGen      total 5120K, used 4596K [0x00000000d5580000, 0x00000000d5d00000, 0x0000000100000000)
  eden space 2560K, 99% used [0x00000000d5580000,0x00000000d57fd320,0x00000000d5800000)
  from space 2560K, 80% used [0x00000000d5a80000,0x00000000d5c80000,0x00000000d5d00000)
  to   space 2560K, 0% used [0x00000000d5800000,0x00000000d5800000,0x00000000d5a80000)
 ParOldGen       total 265216K, used 264884K [0x0000000080000000, 0x0000000090300000, 0x00000000d5580000)
  object space 265216K, 99% used [0x0000000080000000,0x00000000902ad0b0,0x0000000090300000)
 Metaspace       used 71634K, committed 73408K, reserved 1179648K
  class space    used 7096K, committed 7936K, reserved 1048576K
GC Heap History (20 events):
Event: 4065.890 GC heap before
{Heap before GC invocations=1098 (full 6):
 PSYoungGen      total 2560K, used 2336K [0x00000000d5580000, 0x00000000d5880000, 0x0000000100000000)
  eden space 2048K, 100% used [0x00000000d5580000,0x00000000d5780000,0x00000000d5780000)
  from space 512K, 56% used [0x00000000d5800000,0x00000000d5848000,0x00000000d5880000)
  to   space 512K, 0% used [0x00000000d5780000,0x00000000d5780000,0x00000000d5800000)
 ParOldGen       total 257024K, used 256659K [0x0000000080000000, 0x000000008fb00000, 0x00000000d5580000)
  object space 257024K, 99% used [0x0000000080000000,0x000000008faa4dd0,0x000000008fb00000)
 Metaspace       used 71571K, committed 73344K, reserved 1179648K
  class space    used 7093K, committed 7936K, reserved 1048576K
}
Event: 4065.894 GC heap after
{Heap after GC invocations=1098 (full 6):
 PSYoungGen      total 2560K, used 512K [0x00000000d5580000, 0x00000000d5980000, 0x0000000100000000)
  eden space 2048K, 0% used [0x00000000d5580000,0x00000000d5580000,0x00000000d5780000)
  from space 512K, 100% used [0x00000000d5780000,0x00000000d5800000,0x00000000d5800000)
  to   space 1024K, 0% used [0x00000000d5880000,0x00000000d5880000,0x00000000d5980000)
 ParOldGen       total 257024K, used 256921K [0x0000000080000000, 0x000000008fb00000, 0x00000000d5580000)
  object space 257024K, 99% used [0x0000000080000000,0x000000008fae67f0,0x000000008fb00000)
 Metaspace       used 71571K, committed 73344K, reserved 1179648K
  class space    used 7093K, committed 7936K, reserved 1048576K
}
Event: 4066.228 GC heap before
{Heap before GC invocations=1099 (full 6):
 PSYoungGen      total 2560K, used 2560K [0x00000000d5580000, 0x00000000d5980000, 0x0000000100000000)
  eden space 2048K, 100% used [0x00000000d5580000,0x00000000d5780000,0x00000000d5780000)
  from space 512K, 100% used [0x00000000d5780000,0x00000000d5800000,0x00000000d5800000)
  to   space 1024K, 0% used [0x00000000d5880000,0x00000000d5880000,0x00000000d5980000)
 ParOldGen       total 257024K, used 256921K [0x0000000080000000, 0x000000008fb00000, 0x00000000d5580000)
  object space 257024K, 99% used [0x0000000080000000,0x000000008fae67f0,0x000000008fb00000)
 Metaspace       used 71588K, committed 73344K, reserved 1179648K
  class space    used 7093K, committed 7936K, reserved 1048576K
}
Event: 4066.230 GC heap after
{Heap after GC invocations=1099 (full 6):
 PSYoungGen      total 3072K, used 544K [0x00000000d5580000, 0x00000000d5980000, 0x0000000100000000)
  eden space 2048K, 0% used [0x00000000d5580000,0x00000000d5580000,0x00000000d5780000)
  from space 1024K, 53% used [0x00000000d5880000,0x00000000d5908000,0x00000000d5980000)
  to   space 1024K, 0% used [0x00000000d5780000,0x00000000d5780000,0x00000000d5880000)
 ParOldGen       total 257536K, used 257287K [0x0000000080000000, 0x000000008fb80000, 0x00000000d5580000)
  object space 257536K, 99% used [0x0000000080000000,0x000000008fb41d70,0x000000008fb80000)
 Metaspace       used 71588K, committed 73344K, reserved 1179648K
  class space    used 7093K, committed 7936K, reserved 1048576K
}
Event: 4068.131 GC heap before
{Heap before GC invocations=1100 (full 6):
 PSYoungGen      total 3072K, used 2592K [0x00000000d5580000, 0x00000000d5980000, 0x0000000100000000)
  eden space 2048K, 100% used [0x00000000d5580000,0x00000000d5780000,0x00000000d5780000)
  from space 1024K, 53% used [0x00000000d5880000,0x00000000d5908000,0x00000000d5980000)
  to   space 1024K, 0% used [0x00000000d5780000,0x00000000d5780000,0x00000000d5880000)
 ParOldGen       total 257536K, used 257287K [0x0000000080000000, 0x000000008fb80000, 0x00000000d5580000)
  object space 257536K, 99% used [0x0000000080000000,0x000000008fb41d70,0x000000008fb80000)
 Metaspace       used 71613K, committed 73408K, reserved 1179648K
  class space    used 7096K, committed 7936K, reserved 1048576K
}
Event: 4068.140 GC heap after
{Heap after GC invocations=1100 (full 6):
 PSYoungGen      total 3072K, used 288K [0x00000000d5580000, 0x00000000d5900000, 0x0000000100000000)
  eden space 2048K, 0% used [0x00000000d5580000,0x00000000d5580000,0x00000000d5780000)
  from space 1024K, 28% used [0x00000000d5780000,0x00000000d57c8000,0x00000000d5880000)
  to   space 512K, 0% used [0x00000000d5880000,0x00000000d5880000,0x00000000d5900000)
 ParOldGen       total 258048K, used 257797K [0x0000000080000000, 0x000000008fc00000, 0x00000000d5580000)
  object space 258048K, 99% used [0x0000000080000000,0x000000008fbc1510,0x000000008fc00000)
 Metaspace       used 71613K, committed 73408K, reserved 1179648K
  class space    used 7096K, committed 7936K, reserved 1048576K
}
Event: 4068.636 GC heap before
{Heap before GC invocations=1101 (full 6):
 PSYoungGen      total 3072K, used 2336K [0x00000000d5580000, 0x00000000d5900000, 0x0000000100000000)
  eden space 2048K, 100% used [0x00000000d5580000,0x00000000d5780000,0x00000000d5780000)
  from space 1024K, 28% used [0x00000000d5780000,0x00000000d57c8000,0x00000000d5880000)
  to   space 512K, 0% used [0x00000000d5880000,0x00000000d5880000,0x00000000d5900000)
 ParOldGen       total 258048K, used 257797K [0x0000000080000000, 0x000000008fc00000, 0x00000000d5580000)
  object space 258048K, 99% used [0x0000000080000000,0x000000008fbc1510,0x000000008fc00000)
 Metaspace       used 71617K, committed 73408K, reserved 1179648K
  class space    used 7096K, committed 7936K, reserved 1048576K
}
Event: 4068.639 GC heap after
{Heap after GC invocations=1101 (full 6):
 PSYoungGen      total 2048K, used 512K [0x00000000d5580000, 0x00000000d5a80000, 0x0000000100000000)
  eden space 1536K, 0% used [0x00000000d5580000,0x00000000d5580000,0x00000000d5700000)
  from space 512K, 100% used [0x00000000d5880000,0x00000000d5900000,0x00000000d5900000)
  to   space 1536K, 0% used [0x00000000d5700000,0x00000000d5700000,0x00000000d5880000)
 ParOldGen       total 258560K, used 258268K [0x0000000080000000, 0x000000008fc80000, 0x00000000d5580000)
  object space 258560K, 99% used [0x0000000080000000,0x000000008fc37300,0x000000008fc80000)
 Metaspace       used 71617K, committed 73408K, reserved 1179648K
  class space    used 7096K, committed 7936K, reserved 1048576K
}
Event: 4068.934 GC heap before
{Heap before GC invocations=1102 (full 6):
 PSYoungGen      total 2048K, used 2048K [0x00000000d5580000, 0x00000000d5a80000, 0x0000000100000000)
  eden space 1536K, 100% used [0x00000000d5580000,0x00000000d5700000,0x00000000d5700000)
  from space 512K, 100% used [0x00000000d5880000,0x00000000d5900000,0x00000000d5900000)
  to   space 1536K, 0% used [0x00000000d5700000,0x00000000d5700000,0x00000000d5880000)
 ParOldGen       total 258560K, used 258268K [0x0000000080000000, 0x000000008fc80000, 0x00000000d5580000)
  object space 258560K, 99% used [0x0000000080000000,0x000000008fc37300,0x000000008fc80000)
 Metaspace       used 71628K, committed 73408K, reserved 1179648K
  class space    used 7096K, committed 7936K, reserved 1048576K
}
Event: 4068.937 GC heap after
{Heap after GC invocations=1102 (full 6):
 PSYoungGen      total 2048K, used 352K [0x00000000d5580000, 0x00000000d5900000, 0x0000000100000000)
  eden space 1536K, 0% used [0x00000000d5580000,0x00000000d5580000,0x00000000d5700000)
  from space 512K, 68% used [0x00000000d5700000,0x00000000d5758000,0x00000000d5780000)
  to   space 1024K, 0% used [0x00000000d5800000,0x00000000d5800000,0x00000000d5900000)
 ParOldGen       total 259072K, used 258820K [0x0000000080000000, 0x000000008fd00000, 0x00000000d5580000)
  object space 259072K, 99% used [0x0000000080000000,0x000000008fcc1320,0x000000008fd00000)
 Metaspace       used 71628K, committed 73408K, reserved 1179648K
  class space    used 7096K, committed 7936K, reserved 1048576K
}
Event: 4069.288 GC heap before
{Heap before GC invocations=1103 (full 6):
 PSYoungGen      total 2048K, used 1820K [0x00000000d5580000, 0x00000000d5900000, 0x0000000100000000)
  eden space 1536K, 95% used [0x00000000d5580000,0x00000000d56ef318,0x00000000d5700000)
  from space 512K, 68% used [0x00000000d5700000,0x00000000d5758000,0x00000000d5780000)
  to   space 1024K, 0% used [0x00000000d5800000,0x00000000d5800000,0x00000000d5900000)
 ParOldGen       total 259072K, used 258820K [0x0000000080000000, 0x000000008fd00000, 0x00000000d5580000)
  object space 259072K, 99% used [0x0000000080000000,0x000000008fcc1320,0x000000008fd00000)
 Metaspace       used 71634K, committed 73408K, reserved 1179648K
  class space    used 7096K, committed 7936K, reserved 1048576K
}
Event: 4069.291 GC heap after
{Heap after GC invocations=1103 (full 6):
 PSYoungGen      total 2560K, used 685K [0x00000000d5580000, 0x00000000d5900000, 0x0000000100000000)
  eden space 1536K, 0% used [0x00000000d5580000,0x00000000d5580000,0x00000000d5700000)
  from space 1024K, 66% used [0x00000000d5800000,0x00000000d58ab510,0x00000000d5900000)
  to   space 1024K, 0% used [0x00000000d5700000,0x00000000d5700000,0x00000000d5800000)
 ParOldGen       total 259584K, used 259145K [0x0000000080000000, 0x000000008fd80000, 0x00000000d5580000)
  object space 259584K, 99% used [0x0000000080000000,0x000000008fd12670,0x000000008fd80000)
 Metaspace       used 71634K, committed 73408K, reserved 1179648K
  class space    used 7096K, committed 7936K, reserved 1048576K
}
Event: 4069.295 GC heap before
{Heap before GC invocations=1104 (full 6):
 PSYoungGen      total 2560K, used 2221K [0x00000000d5580000, 0x00000000d5900000, 0x0000000100000000)
  eden space 1536K, 100% used [0x00000000d5580000,0x00000000d5700000,0x00000000d5700000)
  from space 1024K, 66% used [0x00000000d5800000,0x00000000d58ab510,0x00000000d5900000)
  to   space 1024K, 0% used [0x00000000d5700000,0x00000000d5700000,0x00000000d5800000)
 ParOldGen       total 259584K, used 259145K [0x0000000080000000, 0x000000008fd80000, 0x00000000d5580000)
  object space 259584K, 99% used [0x0000000080000000,0x000000008fd12670,0x000000008fd80000)
 Metaspace       used 71634K, committed 73408K, reserved 1179648K
  class space    used 7096K, committed 7936K, reserved 1048576K
}
Event: 4069.299 GC heap after
{Heap after GC invocations=1104 (full 6):
 PSYoungGen      total 2560K, used 1005K [0x00000000d5580000, 0x00000000d5c00000, 0x0000000100000000)
  eden space 1536K, 0% used [0x00000000d5580000,0x00000000d5580000,0x00000000d5700000)
  from space 1024K, 98% used [0x00000000d5700000,0x00000000d57fb510,0x00000000d5800000)
  to   space 2560K, 0% used [0x00000000d5980000,0x00000000d5980000,0x00000000d5c00000)
 ParOldGen       total 260608K, used 260318K [0x0000000080000000, 0x000000008fe80000, 0x00000000d5580000)
  object space 260608K, 99% used [0x0000000080000000,0x000000008fe37ba0,0x000000008fe80000)
 Metaspace       used 71634K, committed 73408K, reserved 1179648K
  class space    used 7096K, committed 7936K, reserved 1048576K
}
Event: 4069.303 GC heap before
{Heap before GC invocations=1105 (full 6):
 PSYoungGen      total 2560K, used 2541K [0x00000000d5580000, 0x00000000d5c00000, 0x0000000100000000)
  eden space 1536K, 100% used [0x00000000d5580000,0x00000000d5700000,0x00000000d5700000)
  from space 1024K, 98% used [0x00000000d5700000,0x00000000d57fb510,0x00000000d5800000)
  to   space 2560K, 0% used [0x00000000d5980000,0x00000000d5980000,0x00000000d5c00000)
 ParOldGen       total 260608K, used 260318K [0x0000000080000000, 0x000000008fe80000, 0x00000000d5580000)
  object space 260608K, 99% used [0x0000000080000000,0x000000008fe37ba0,0x000000008fe80000)
 Metaspace       used 71634K, committed 73408K, reserved 1179648K
  class space    used 7096K, committed 7936K, reserved 1048576K
}
Event: 4069.308 GC heap after
{Heap after GC invocations=1105 (full 6):
 PSYoungGen      total 4096K, used 1504K [0x00000000d5580000, 0x00000000d5b80000, 0x0000000100000000)
  eden space 2048K, 0% used [0x00000000d5580000,0x00000000d5580000,0x00000000d5780000)
  from space 2048K, 73% used [0x00000000d5980000,0x00000000d5af8000,0x00000000d5b80000)
  to   space 2048K, 0% used [0x00000000d5780000,0x00000000d5780000,0x00000000d5980000)
 ParOldGen       total 261632K, used 261332K [0x0000000080000000, 0x000000008ff80000, 0x00000000d5580000)
  object space 261632K, 99% used [0x0000000080000000,0x000000008ff350b0,0x000000008ff80000)
 Metaspace       used 71634K, committed 73408K, reserved 1179648K
  class space    used 7096K, committed 7936K, reserved 1048576K
}
Event: 4069.314 GC heap before
{Heap before GC invocations=1106 (full 6):
 PSYoungGen      total 4096K, used 3552K [0x00000000d5580000, 0x00000000d5b80000, 0x0000000100000000)
  eden space 2048K, 100% used [0x00000000d5580000,0x00000000d5780000,0x00000000d5780000)
  from space 2048K, 73% used [0x00000000d5980000,0x00000000d5af8000,0x00000000d5b80000)
  to   space 2048K, 0% used [0x00000000d5780000,0x00000000d5780000,0x00000000d5980000)
 ParOldGen       total 261632K, used 261332K [0x0000000080000000, 0x000000008ff80000, 0x00000000d5580000)
  object space 261632K, 99% used [0x0000000080000000,0x000000008ff350b0,0x000000008ff80000)
 Metaspace       used 71634K, committed 73408K, reserved 1179648K
  class space    used 7096K, committed 7936K, reserved 1048576K
}
Event: 4069.319 GC heap after
{Heap after GC invocations=1106 (full 6):
 PSYoungGen      total 4096K, used 2048K [0x00000000d5580000, 0x00000000d5d00000, 0x0000000100000000)
  eden space 2048K, 0% used [0x00000000d5580000,0x00000000d5580000,0x00000000d5780000)
  from space 2048K, 100% used [0x00000000d5780000,0x00000000d5980000,0x00000000d5980000)
  to   space 2560K, 0% used [0x00000000d5a80000,0x00000000d5a80000,0x00000000d5d00000)
 ParOldGen       total 263168K, used 262852K [0x0000000080000000, 0x0000000090100000, 0x00000000d5580000)
  object space 263168K, 99% used [0x0000000080000000,0x00000000900b10b0,0x0000000090100000)
 Metaspace       used 71634K, committed 73408K, reserved 1179648K
  class space    used 7096K, committed 7936K, reserved 1048576K
}
Event: 4069.324 GC heap before
{Heap before GC invocations=1107 (full 6):
 PSYoungGen      total 4096K, used 4096K [0x00000000d5580000, 0x00000000d5d00000, 0x0000000100000000)
  eden space 2048K, 100% used [0x00000000d5580000,0x00000000d5780000,0x00000000d5780000)
  from space 2048K, 100% used [0x00000000d5780000,0x00000000d5980000,0x00000000d5980000)
  to   space 2560K, 0% used [0x00000000d5a80000,0x00000000d5a80000,0x00000000d5d00000)
 ParOldGen       total 263168K, used 262852K [0x0000000080000000, 0x0000000090100000, 0x00000000d5580000)
  object space 263168K, 99% used [0x0000000080000000,0x00000000900b10b0,0x0000000090100000)
 Metaspace       used 71634K, committed 73408K, reserved 1179648K
  class space    used 7096K, committed 7936K, reserved 1048576K
}
Event: 4069.330 GC heap after
{Heap after GC invocations=1107 (full 6):
 PSYoungGen      total 5120K, used 2048K [0x00000000d5580000, 0x00000000d5d00000, 0x0000000100000000)
  eden space 2560K, 0% used [0x00000000d5580000,0x00000000d5580000,0x00000000d5800000)
  from space 2560K, 80% used [0x00000000d5a80000,0x00000000d5c80000,0x00000000d5d00000)
  to   space 2560K, 0% used [0x00000000d5800000,0x00000000d5800000,0x00000000d5a80000)
 ParOldGen       total 265216K, used 264884K [0x0000000080000000, 0x0000000090300000, 0x00000000d5580000)
  object space 265216K, 99% used [0x0000000080000000,0x00000000902ad0b0,0x0000000090300000)
 Metaspace       used 71634K, committed 73408K, reserved 1179648K
  class space    used 7096K, committed 7936K, reserved 1048576K
}

